
[2017-12-05 15:10:11,986] [WARNING] DataInterfaceTask Start--
[2017-12-05 15:10:12,019] [INFO] TaskIds : [['8', 'ABSPresale'], ['18', 'ABSPresale'], ['19', 'ABSPresale'], ['23', 'ABSPresale'], ['24', 'ABSPresale']]
[2017-12-05 15:10:12,081] [INFO] TaskId : 8
[2017-12-05 15:10:12,081] [INFO] TaskFunc : assetsAdjust
[2017-12-05 15:10:12,128] [INFO] http://****/open/appsvr/assets/assetsAdjust/?access_token=5AD290E73A7041D38BAE44D57F0BB978&request_id=1512457812&assetsBagNo=000002&sourceSystem=2&addNumber=1&delNumber=0&updatedBy=system
[2017-12-05 15:10:12,206] [INFO] {u'msg': u'', u'data': u"{'message':'\u64cd\u4f5c\u6210\u529f\uff01','status':'0'}", u'requestId': u'1512457812', u'ret': u'0'}
[2017-12-05 15:10:12,221] [INFO] 操作成功
[2017-12-05 15:10:12,221] [INFO] 1 success(es),0 fail(s)
[2017-12-05 15:10:12,221] [INFO] TaskId : 18
[2017-12-05 15:10:12,236] [INFO] TaskFunc : assetsAdjust
[2017-12-05 15:10:12,269] [INFO] http://****/open/appsvr/assets/assetsAdjust/?access_token=5AD290E73A7041D38BAE44D57F0BB978&request_id=1512457812&assetsBagNo=000001&sourceSystem=2&addNumber=1&delNumber=0&updatedBy=system
[2017-12-05 15:10:12,378] [INFO] {u'msg': u'', u'data': u"{'message':'\u64cd\u4f5c\u6210\u529f\uff01','status':'0'}", u'requestId': u'1512457812', u'ret': u'0'}
[2017-12-05 15:10:12,394] [INFO] 操作成功
[2017-12-05 15:10:12,394] [INFO] 1 success(es),0 fail(s)
[2017-12-05 15:10:12,394] [INFO] TaskId : 19
[2017-12-05 15:10:12,408] [INFO] TaskFunc : assetsAdjust
[2017-12-05 15:10:12,440] [INFO] http://****/open/appsvr/assets/assetsAdjust/?access_token=5AD290E73A7041D38BAE44D57F0BB978&request_id=1512457812&assetsBagNo=000001&sourceSystem=2&addNumber=0&delNumber=1&updatedBy=system
[2017-12-05 15:10:12,519] [INFO] {u'msg': u'', u'data': u"{'message':'\u64cd\u4f5c\u6210\u529f\uff01','status':'0'}", u'requestId': u'1512457812', u'ret': u'0'}
[2017-12-05 15:10:12,533] [INFO] 操作成功
[2017-12-05 15:10:12,533] [INFO] 1 success(es),0 fail(s)
[2017-12-05 15:10:12,533] [INFO] TaskId : 23
[2017-12-05 15:10:12,549] [INFO] TaskFunc : assetsAdjust
[2017-12-05 15:10:12,581] [INFO] http://****/open/appsvr/assets/assetsAdjust/?access_token=5AD290E73A7041D38BAE44D57F0BB978&request_id=1512457812&assetsBagNo=100&sourceSystem=1&addNumber=1&delNumber=0&updatedBy=system
[2017-12-05 15:10:12,611] [INFO] {u'msg': u'', u'data': u"{'message':'\u64cd\u4f5c\u6210\u529f\uff01','status':'0'}", u'requestId': u'1512457812', u'ret': u'0'}
[2017-12-05 15:10:12,644] [INFO] 操作成功
[2017-12-05 15:10:12,644] [INFO] 1 success(es),0 fail(s)
[2017-12-05 15:10:12,644] [INFO] TaskId : 24
[2017-12-05 15:10:12,658] [INFO] TaskFunc : assetsAdjust
[2017-12-05 15:10:12,706] [INFO] http://****/open/appsvr/assets/assetsAdjust/?access_token=5AD290E73A7041D38BAE44D57F0BB978&request_id=1512457812&assetsBagNo=100&sourceSystem=1&addNumber=0&delNumber=1&updatedBy=system
[2017-12-05 15:10:12,736] [INFO] {u'msg': u'', u'data': u"{'message':'\u64cd\u4f5c\u6210\u529f\uff01','status':'0'}", u'requestId': u'1512457812', u'ret': u'0'}
[2017-12-05 15:10:12,753] [INFO] 操作成功
[2017-12-05 15:10:12,753] [INFO] 1 success(es),0 fail(s)
[2017-12-05 15:10:12,799] [WARNING] DataInterfaceTask End--